#
# There is insufficient memory for the Java Runtime Environment to continue.
# Native memory allocation (malloc) failed to allocate 1048576 bytes for AllocateHeap
# Possible reasons:
#   The system is out of physical RAM or swap space
#   In 32 bit mode, the process size limit was hit
# Possible solutions:
#   Reduce memory load on the system
#   Increase physical memory or swap space
#   Check if swap backing store is full
#   Use 64 bit Java on a 64 bit OS
#   Decrease Java heap size (-Xmx/-Xms)
#   Decrease number of Java threads
#   Decrease Java thread stack sizes (-Xss)
#   Set larger code cache with -XX:ReservedCodeCacheSize=
# This output file may be truncated or incomplete.
#
#  Out of Memory Error (memory/allocation.inline.hpp:61), pid=26296, tid=0x00000000000023d8
#
# JRE version:  (8.0_191-b12) (build )
# Java VM: Java HotSpot(TM) 64-Bit Server VM (25.191-b12 mixed mode windows-amd64 compressed oops)
# Failed to write core dump. Minidumps are not enabled by default on client versions of Windows
#

---------------  T H R E A D  ---------------

Current thread (0x0000000005006800):  JavaThread "Unknown thread" [_thread_in_vm, id=9176, stack(0x0000000004f00000,0x0000000005000000)]

Stack: [0x0000000004f00000,0x0000000005000000]
[error occurred during error reporting (printing stack bounds), id 0xc0000005]

Native frames: (J=compiled Java code, j=interpreted, Vv=VM code, C=native code)


---------------  P R O C E S S  ---------------

Java Threads: ( => current thread )

Other Threads:

=>0x0000000005006800 (exited) JavaThread "Unknown thread" [_thread_in_vm, id=9176, stack(0x0000000004f00000,0x0000000005000000)]

VM state:not at safepoint (normal execution)

VM Mutex/Monitor currently owned by a thread: None

Heap:
 PSYoungGen      total 38400K, used 665K [0x00000000d5c00000, 0x00000000d8680000, 0x0000000100000000)
  eden space 33280K, 2% used [0x00000000d5c00000,0x00000000d5ca6670,0x00000000d7c80000)
  from space 5120K, 0% used [0x00000000d8180000,0x00000000d8180000,0x00000000d8680000)
  to   space 5120K, 0% used [0x00000000d7c80000,0x00000000d7c80000,0x00000000d8180000)
 ParOldGen       total 87552K, used 0K [0x0000000081400000, 0x0000000086980000, 0x00000000d5c00000)
  object space 87552K, 0% used [0x0000000081400000,0x0000000081400000,0x0000000086980000)
 Metaspace       used 775K, capacity 4480K, committed 4480K, reserved 1056768K
  class space    used 76K, capacity 384K, committed 384K, reserved 1048576K

Card table byte_map: [0x00000000144c0000,0x00000000148c0000] byte_map_base: 0x00000000140b6000

Marking Bits: (ParMarkBitMap*) 0x0000000055103e30
 Begin Bits: [0x0000000014f70000, 0x0000000016f20000)
 End Bits:   [0x0000000016f20000, 0x0000000018ed0000)

Polling page: 0x0000000002f60000

CodeCache: size=245760Kb used=328Kb max_used=328Kb free=245431Kb
 bounds [0x0000000005100000, 0x0000000005370000, 0x0000000014100000]
 total_blobs=58 nmethods=0 adapters=38
 compilation: enabled

Compilation events (0 events):
No events

GC Heap History (0 events):
No events

Deoptimization events (0 events):
No events

Classes redefined (0 events):
No events

Internal exceptions (0 events):
No events

Events (10 events):
Event: 0.078 loading class java/lang/Short
Event: 0.078 loading class java/lang/Short done
Event: 0.078 loading class java/lang/Integer
Event: 0.078 loading class java/lang/Integer done
Event: 0.078 loading class java/lang/Long
Event: 0.078 loading class java/lang/Long done
Event: 0.079 loading class java/lang/NullPointerException
Event: 0.079 loading class java/lang/NullPointerException done
Event: 0.079 loading class java/lang/ArithmeticException
Event: 0.080 loading class java/lang/ArithmeticException done


Dynamic libraries:
0x00007ff773b80000 - 0x00007ff773bb7000 	C:\Program Files\Java\jdk1.8.0_191\bin\javaw.exe
0x00007fff9f630000 - 0x00007fff9f810000 	C:\Windows\SYSTEM32\ntdll.dll
0x00007fff9f3b0000 - 0x00007fff9f45e000 	C:\Windows\System32\KERNEL32.DLL
0x00007fff9bda0000 - 0x00007fff9c006000 	C:\Windows\System32\KERNELBASE.dll
0x00000000553b0000 - 0x0000000055445000 	C:\Windows\System32\SYSFER.DLL
0x00007fff9cb00000 - 0x00007fff9cba1000 	C:\Windows\System32\ADVAPI32.dll
0x00007fff9cfa0000 - 0x00007fff9d03d000 	C:\Windows\System32\msvcrt.dll
0x00007fff9f350000 - 0x00007fff9f3ab000 	C:\Windows\System32\sechost.dll
0x00007fff9e540000 - 0x00007fff9e65f000 	C:\Windows\System32\RPCRT4.dll
0x00007fff9cbb0000 - 0x00007fff9cd3f000 	C:\Windows\System32\USER32.dll
0x00007fff9c090000 - 0x00007fff9c0b0000 	C:\Windows\System32\win32u.dll
0x00007fff9e7e0000 - 0x00007fff9e808000 	C:\Windows\System32\GDI32.dll
0x00007fff9c100000 - 0x00007fff9c293000 	C:\Windows\System32\gdi32full.dll
0x00007fff9bd00000 - 0x00007fff9bd9b000 	C:\Windows\System32\msvcp_win.dll
0x00007fff9bc00000 - 0x00007fff9bcf5000 	C:\Windows\System32\ucrtbase.dll
0x00007fff8b010000 - 0x00007fff8b279000 	C:\Windows\WinSxS\amd64_microsoft.windows.common-controls_6595b64144ccf1df_6.0.16299.904_none_15cadeb69362db48\COMCTL32.dll
0x00007fff9efc0000 - 0x00007fff9f2c6000 	C:\Windows\System32\combase.dll
0x00007fff9c010000 - 0x00007fff9c082000 	C:\Windows\System32\bcryptPrimitives.dll
0x00007fff9d0d0000 - 0x00007fff9d0fd000 	C:\Windows\System32\IMM32.DLL
0x0000000055190000 - 0x0000000055262000 	C:\Program Files\Java\jdk1.8.0_191\jre\bin\msvcr100.dll
0x00000000548e0000 - 0x0000000055184000 	C:\Program Files\Java\jdk1.8.0_191\jre\bin\server\jvm.dll
0x00007fff9f340000 - 0x00007fff9f348000 	C:\Windows\System32\PSAPI.DLL
0x00007fff9a2d0000 - 0x00007fff9a2d9000 	C:\Windows\SYSTEM32\WSOCK32.dll
0x00007fff9e770000 - 0x00007fff9e7dc000 	C:\Windows\System32\WS2_32.dll
0x00007fff97b30000 - 0x00007fff97b53000 	C:\Windows\SYSTEM32\WINMM.dll
0x00007fff91e40000 - 0x00007fff91e4a000 	C:\Windows\SYSTEM32\VERSION.dll
0x00007fff97ad0000 - 0x00007fff97afa000 	C:\Windows\SYSTEM32\WINMMBASE.dll
0x00007fff9c0b0000 - 0x00007fff9c0fa000 	C:\Windows\System32\cfgmgr32.dll
0x00000000548d0000 - 0x00000000548df000 	C:\Program Files\Java\jdk1.8.0_191\jre\bin\verify.dll
0x00000000548a0000 - 0x00000000548c9000 	C:\Program Files\Java\jdk1.8.0_191\jre\bin\java.dll
0x0000000054880000 - 0x0000000054896000 	C:\Program Files\Java\jdk1.8.0_191\jre\bin\zip.dll

VM Arguments:
jvm_args: -Dcom.sun.management.jmxremote -Dcom.sun.management.jmxremote.port=60271 -Dcom.sun.management.jmxremote.authenticate=false -Dcom.sun.management.jmxremote.ssl=false -Djava.rmi.server.hostname=localhost -Dspring.liveBeansView.mbeanDomain -Dspring.application.admin.enabled=true -Xverify:none -XX:TieredStopAtLevel=1 -Dfile.encoding=UTF-8 
java_command: com.sk.kmooc.ProductApplication --spring.output.ansi.enabled=always
java_class_path (initial): C:\Program Files\Java\jdk1.8.0_191\jre\lib\resources.jar;C:\Program Files\Java\jdk1.8.0_191\jre\lib\rt.jar;C:\Program Files\Java\jdk1.8.0_191\jre\lib\jsse.jar;C:\Program Files\Java\jdk1.8.0_191\jre\lib\jce.jar;C:\Program Files\Java\jdk1.8.0_191\jre\lib\charsets.jar;C:\Program Files\Java\jdk1.8.0_191\jre\lib\jfr.jar;C:\Program Files\Java\jdk1.8.0_191\jre\lib\ext\access-bridge-64.jar;C:\Program Files\Java\jdk1.8.0_191\jre\lib\ext\cldrdata.jar;C:\Program Files\Java\jdk1.8.0_191\jre\lib\ext\dnsns.jar;C:\Program Files\Java\jdk1.8.0_191\jre\lib\ext\jaccess.jar;C:\Program Files\Java\jdk1.8.0_191\jre\lib\ext\jfxrt.jar;C:\Program Files\Java\jdk1.8.0_191\jre\lib\ext\localedata.jar;C:\Program Files\Java\jdk1.8.0_191\jre\lib\ext\nashorn.jar;C:\Program Files\Java\jdk1.8.0_191\jre\lib\ext\sunec.jar;C:\Program Files\Java\jdk1.8.0_191\jre\lib\ext\sunjce_provider.jar;C:\Program Files\Java\jdk1.8.0_191\jre\lib\ext\sunmscapi.jar;C:\Program Files\Java\jdk1.8.0_191\jre\lib\ext\sunpkcs11.jar;C:\Program Files\Java\jdk1.8.0_191\jre\lib\ext\zipfs.jar;C:\Users\08257\git\kmooc\shop-product\target\classes;C:\Users\08257\.m2\repository\org\springframework\boot\spring-boot-starter-data-jpa\1.5.18.RELEASE\spring-boot-starter-data-jpa-1.5.18.RELEASE.jar;C:\Users\08257\.m2\repository\org\springframework\boot\spring-boot-starter\1.5.18.RELEASE\spring-boot-starter-1.5.18.RELEASE.jar;C:\Users\08257\.m2\repository\org\springframework\boot\spring-boot\1.5.18.RELEASE\spring-boot-1.5.18.RELEASE.jar;C:\Users\08257\.m2\repository\org\springframework\boot\spring-boot-autoconfigure\1.5.18.RELEASE\spring-boot-autoconfigure-1.5.18.RELEASE.jar;C:\Users\08257\.m2\repository\org\springframework\boot\spring-boot-starter-logging\1.5.18.RELEASE\spring-boot-starter-logging-1.5.18.RELEASE.jar;C:\Users\08257\.m2\repository\ch\qos\logback\logback-classic\1.1.11\logback-classic-1.1.11.jar;C:\Users\08257\.m2\repository\ch\qos\logback\logback-core\1.1.11\logback-core-1.1.11.jar;C:\Users\08257\.m
Launcher Type: SUN_STANDARD

Environment Variables:
JAVA_HOME=C:\Program Files\Java\jdk1.8.0_191
CLASSPATH=C:\Program Files\Java\jdk1.8.0_191\lib
PATH=C:/Program Files/Java/jdk1.8.0_191/bin/../jre/bin/server;C:/Program Files/Java/jdk1.8.0_191/bin/../jre/bin;C:/Program Files/Java/jdk1.8.0_191/bin/../jre/lib/amd64;C:\Program Files\Java\jdk1.8.0_191\bin;C:\Windows\system32;C:\Windows;C:\Windows\System32\Wbem;C:\Windows\System32\WindowsPowerShell\v1.0\;C:\Windows\softcamp\sds;C:\Windows\softcamp\sdk;C:\Windows\SoftCamp\SDS\x64;C:\Program Files\MySQL\MySQL Utilities 1.6\;C:\Program Files (x86)\Kensington\TrackballWorks;C:\Users\08257\AppData\Local\Microsoft\WindowsApps;D:\cnaps\apache-maven-3.6.0\bin;;D:\cnaps\sts-bundle\sts-3.9.4.RELEASE;
USERNAME=08257
OS=Windows_NT
PROCESSOR_IDENTIFIER=Intel64 Family 6 Model 78 Stepping 3, GenuineIntel



---------------  S Y S T E M  ---------------

OS: Windows 10.0 , 64 bit Build 16299 (10.0.16299.431)

CPU:total 4 (initial active 4) (2 cores per cpu, 2 threads per core) family 6 model 78 stepping 3, cmov, cx8, fxsr, mmx, sse, sse2, sse3, ssse3, sse4.1, sse4.2, popcnt, avx, avx2, aes, clmul, erms, 3dnowpref, lzcnt, ht, tsc, tscinvbit, bmi1, bmi2, adx

Memory: 4k page, physical 8300788k(3836620k free), swap 20089840k(6696k free)

vm_info: Java HotSpot(TM) 64-Bit Server VM (25.191-b12) for windows-amd64 JRE (1.8.0_191-b12), built on Oct  6 2018 09:29:03 by "java_re" with MS VC++ 10.0 (VS2010)

time: Thu Mar 07 17:10:22 2019
elapsed time: 0 seconds (0d 0h 0m 0s)

